----------------------------------------------------------------
CURL -X POST -H "Content-Type: application/json" -H "Accept: */*" -d "{\"hello\":\"world\"}" https://httpbin.org/post
-------
Output:
-------
{
	"args":{

	},
	"headers":{
		"Accept":"*/*",
		"Content-Length":"17",
		"Content-Type":"application/json",
		"Host":"httpbin.org",
		"User-Agent":"curl/7.83.1",
		"X-Amzn-Trace-Id":"Root=x-x-x"
	},
	"data":"{\"hello\":\"world\"}",
	"form":{

	},
	"origin":"x.x.x.x",
	"files":{

	},
	"json":{
		"hello":"world"
	},
	"url":"https://httpbin.org/post"
}
